Started GET "/" for 127.0.0.1 at 2018-06-13 15:42:31 +0200
  [1m[35m (0.1ms)[0m  [1m[34mSELECT "schema_migrations"."version" FROM "schema_migrations" ORDER BY "schema_migrations"."version" ASC[0m
  ↳ /home/biar/.rvm/gems/ruby-2.4.1/gems/activerecord-5.2.0/lib/active_record/log_subscriber.rb:98
Started GET "/home" for 127.0.0.1 at 2018-06-13 15:42:31 +0200
Processing by HomesController#show as HTML
Completed 401 Unauthorized in 13ms (ActiveRecord: 0.0ms)


Started GET "/users/sign_in" for 127.0.0.1 at 2018-06-13 15:42:31 +0200
Processing by Devise::SessionsController#new as HTML
  Rendering devise/sessions/new.html.haml within layouts/application
  Rendered devise/shared/_links.html.erb (1.3ms)
  Rendered devise/sessions/new.html.haml within layouts/application (24.1ms)
Completed 200 OK in 304ms (Views: 287.9ms | ActiveRecord: 1.3ms)


Started GET "/users/sign_up" for 127.0.0.1 at 2018-06-13 15:42:34 +0200
Processing by Users::RegistrationsController#new as HTML
  Rendering devise/registrations/new.html.haml within layouts/application
  Rendered devise/shared/_links.html.erb (1.9ms)
  Rendered devise/registrations/new.html.haml within layouts/application (11.2ms)
Completed 200 OK in 46ms (Views: 44.1ms | ActiveRecord: 0.0ms)


Started POST "/users" for 127.0.0.1 at 2018-06-13 15:42:48 +0200
Processing by Users::RegistrationsController#create as HTML
  Parameters: {"utf8"=>"✓", "authenticity_token"=>"iYTcwkc1ZLGQu8N349DeDJILXpe0kPxt+NM99yCqd0VRVyh6YCMSX6ZdkBWmoABq0FpsKNShNndqtHD+EEJlmg==", "user"=>{"email"=>"prova@gmail.com", "password"=>"[FILTERED]", "password_confirmation"=>"[FILTERED]", "roles_mask"=>"1", "username"=>"prova"}, "commit"=>"Sign up"}
  [1m[35m (0.1ms)[0m  [1m[36mbegin transaction[0m
  ↳ app/controllers/users/registrations_controller.rb:26
  [1m[36mUser Exists (0.7ms)[0m  [1m[34mSELECT  1 AS one FROM "users" WHERE "users"."email" = ? LIMIT ?[0m  [["email", "prova@gmail.com"], ["LIMIT", 1]]
  ↳ app/controllers/users/registrations_controller.rb:26
  [1m[36mUser Create (0.9ms)[0m  [1m[32mINSERT INTO "users" ("email", "encrypted_password", "username", "roles_mask", "created_at", "updated_at") VALUES (?, ?, ?, ?, ?, ?)[0m  [["email", "prova@gmail.com"], ["encrypted_password", "$2a$11$jYPtkjJ5xaKxz7y7GAtu3ejVDQVKgS0u72iv77x0weZlvHuJ6YBnW"], ["username", "prova"], ["roles_mask", 1], ["created_at", "2018-06-13 13:42:48.833802"], ["updated_at", "2018-06-13 13:42:48.833802"]]
  ↳ app/controllers/users/registrations_controller.rb:26
  [1m[35m (4.0ms)[0m  [1m[36mcommit transaction[0m
  ↳ app/controllers/users/registrations_controller.rb:26
  [1m[35m (0.1ms)[0m  [1m[36mbegin transaction[0m
  ↳ app/controllers/users/registrations_controller.rb:31
  [1m[36mUser Update (0.3ms)[0m  [1m[33mUPDATE "users" SET "sign_in_count" = ?, "current_sign_in_at" = ?, "last_sign_in_at" = ?, "current_sign_in_ip" = ?, "last_sign_in_ip" = ?, "updated_at" = ? WHERE "users"."id" = ?[0m  [["sign_in_count", 1], ["current_sign_in_at", "2018-06-13 13:42:48.841556"], ["last_sign_in_at", "2018-06-13 13:42:48.841556"], ["current_sign_in_ip", "127.0.0.1"], ["last_sign_in_ip", "127.0.0.1"], ["updated_at", "2018-06-13 13:42:48.842491"], ["id", 1]]
  ↳ app/controllers/users/registrations_controller.rb:31
  [1m[35m (3.4ms)[0m  [1m[36mcommit transaction[0m
  ↳ app/controllers/users/registrations_controller.rb:31
Redirected to http://localhost:3000/home
Completed 302 Found in 153ms (ActiveRecord: 9.4ms)


Started GET "/home" for 127.0.0.1 at 2018-06-13 15:42:48 +0200
Processing by HomesController#show as HTML
  [1m[36mUser Load (0.2ms)[0m  [1m[34mSELECT  "users".* FROM "users" WHERE "users"."id" = ? ORDER BY "users"."id" ASC LIMIT ?[0m  [["id", 1], ["LIMIT", 1]]
  ↳ /home/biar/.rvm/gems/ruby-2.4.1/gems/activerecord-5.2.0/lib/active_record/log_subscriber.rb:98
Completed 500 Internal Server Error in 1274ms (ActiveRecord: 0.2ms)


  
Twitter::Error::BadRequest (Bad Authentication data.):
  
app/controllers/homes_controller.rb:13:in `show'
  [1m[36mUser Load (0.2ms)[0m  [1m[34mSELECT  "users".* FROM "users" LIMIT ?[0m  [["LIMIT", 11]]
Started GET "/users/auth/google_oauth2" for 127.0.0.1 at 2018-06-13 15:43:51 +0200
Started GET "/users/auth/google_oauth2" for 127.0.0.1 at 2018-06-13 15:43:51 +0200
Started POST "/users/sign_in" for 127.0.0.1 at 2018-06-13 15:45:02 +0200
Processing by Devise::SessionsController#create as HTML
  Parameters: {"utf8"=>"✓", "authenticity_token"=>"qFArRbW+wq6dXS8B2RR24Qrh7BvA5s5Ui4sRaMfkf4v0xNX6p03i+j9iciq1Gwi2kXeCEa4CIZPWxIpn8s9t9A==", "user"=>{"email"=>"prova@gmail.com", "password"=>"[FILTERED]", "remember_me"=>"0"}, "commit"=>"Log in"}
  [1m[36mUser Load (0.3ms)[0m  [1m[34mSELECT  "users".* FROM "users" WHERE "users"."id" = ? ORDER BY "users"."id" ASC LIMIT ?[0m  [["id", 1], ["LIMIT", 1]]
  ↳ /home/biar/.rvm/gems/ruby-2.4.1/gems/activerecord-5.2.0/lib/active_record/log_subscriber.rb:98
Redirected to http://localhost:3000/
Filter chain halted as :require_no_authentication rendered or redirected
Completed 302 Found in 2ms (ActiveRecord: 0.3ms)


Started GET "/" for 127.0.0.1 at 2018-06-13 15:45:02 +0200
Started GET "/home" for 127.0.0.1 at 2018-06-13 15:45:02 +0200
Processing by HomesController#show as HTML
  [1m[36mUser Load (0.2ms)[0m  [1m[34mSELECT  "users".* FROM "users" WHERE "users"."id" = ? ORDER BY "users"."id" ASC LIMIT ?[0m  [["id", 1], ["LIMIT", 1]]
  ↳ /home/biar/.rvm/gems/ruby-2.4.1/gems/activerecord-5.2.0/lib/active_record/log_subscriber.rb:98
Completed 500 Internal Server Error in 1193ms (ActiveRecord: 0.2ms)


  
Twitter::Error::BadRequest (Bad Authentication data.):
  
app/controllers/homes_controller.rb:13:in `show'
Started GET "/users/sign_in" for 127.0.0.1 at 2018-06-13 15:46:11 +0200
  [1m[35m (0.2ms)[0m  [1m[34mSELECT "schema_migrations"."version" FROM "schema_migrations" ORDER BY "schema_migrations"."version" ASC[0m
  ↳ /home/biar/.rvm/gems/ruby-2.4.1/gems/activerecord-5.2.0/lib/active_record/log_subscriber.rb:98
Processing by Devise::SessionsController#new as HTML
  [1m[36mUser Load (0.3ms)[0m  [1m[34mSELECT  "users".* FROM "users" WHERE "users"."id" = ? ORDER BY "users"."id" ASC LIMIT ?[0m  [["id", 1], ["LIMIT", 1]]
  ↳ /home/biar/.rvm/gems/ruby-2.4.1/gems/activerecord-5.2.0/lib/active_record/log_subscriber.rb:98
Redirected to http://localhost:3000/
Filter chain halted as :require_no_authentication rendered or redirected
Completed 302 Found in 29ms (ActiveRecord: 0.9ms)


Started GET "/" for 127.0.0.1 at 2018-06-13 15:46:11 +0200
Started GET "/home" for 127.0.0.1 at 2018-06-13 15:46:11 +0200
Processing by HomesController#show as HTML
  [1m[36mUser Load (0.2ms)[0m  [1m[34mSELECT  "users".* FROM "users" WHERE "users"."id" = ? ORDER BY "users"."id" ASC LIMIT ?[0m  [["id", 1], ["LIMIT", 1]]
  ↳ /home/biar/.rvm/gems/ruby-2.4.1/gems/activerecord-5.2.0/lib/active_record/log_subscriber.rb:98
  Rendering homes/show.html.haml within layouts/application
  Rendered homes/show.html.haml within layouts/application (15.5ms)
Completed 200 OK in 1872ms (Views: 203.3ms | ActiveRecord: 0.2ms)


Started DELETE "/users/sign_out" for 127.0.0.1 at 2018-06-13 15:46:19 +0200
Processing by Devise::SessionsController#destroy as HTML
  Parameters: {"utf8"=>"✓", "authenticity_token"=>"h2ss/jNZla2y1TXN05CJnS6doqF0bjuhqQot1iF5bMXb/9JBIaq1+RDqaOa/n/fKtQvMqxqK1Gb0RbbZFFJ+ug==", "commit"=>"Log out"}
  [1m[36mUser Load (0.9ms)[0m  [1m[34mSELECT  "users".* FROM "users" WHERE "users"."id" = ? ORDER BY "users"."id" ASC LIMIT ?[0m  [["id", 1], ["LIMIT", 1]]
  ↳ /home/biar/.rvm/gems/ruby-2.4.1/gems/activerecord-5.2.0/lib/active_record/log_subscriber.rb:98
  [1m[35m (0.1ms)[0m  [1m[36mbegin transaction[0m
  ↳ /home/biar/.rvm/gems/ruby-2.4.1/gems/activerecord-5.2.0/lib/active_record/log_subscriber.rb:98
  [1m[35m (0.2ms)[0m  [1m[36mcommit transaction[0m
  ↳ /home/biar/.rvm/gems/ruby-2.4.1/gems/activerecord-5.2.0/lib/active_record/log_subscriber.rb:98
Redirected to http://localhost:3000/
Completed 302 Found in 29ms (ActiveRecord: 1.2ms)


Started GET "/" for 127.0.0.1 at 2018-06-13 15:46:19 +0200
Started GET "/home" for 127.0.0.1 at 2018-06-13 15:46:19 +0200
Processing by HomesController#show as HTML
Completed 401 Unauthorized in 8ms (ActiveRecord: 0.0ms)


Started GET "/users/sign_in" for 127.0.0.1 at 2018-06-13 15:46:19 +0200
Processing by Devise::SessionsController#new as HTML
  Rendering devise/sessions/new.html.haml within layouts/application
  Rendered devise/shared/_links.html.erb (2.2ms)
  Rendered devise/sessions/new.html.haml within layouts/application (17.2ms)
Completed 200 OK in 80ms (Views: 78.2ms | ActiveRecord: 0.0ms)


Started GET "/users/auth/google_oauth2" for 127.0.0.1 at 2018-06-13 15:46:22 +0200
Started GET "/users/auth/google_oauth2" for 127.0.0.1 at 2018-06-13 15:46:22 +0200
Started GET "/users/auth/google_oauth2/callback?state=435dfedc0c3ce1b9efc58fc85548d07d96d8885756626c33&code=4%2FAADhcZjUj_B9zz9OD0AdBtmlbfZM48TNMweEo1lh5BNnyCgN0LwVEjec8XF59JKuPp8rOguHGDPMYwWePlrw0mg" for 127.0.0.1 at 2018-06-13 15:46:44 +0200
Processing by OmniauthCallbacksController#google_oauth2 as HTML
  Parameters: {"state"=>"435dfedc0c3ce1b9efc58fc85548d07d96d8885756626c33", "code"=>"4/AADhcZjUj_B9zz9OD0AdBtmlbfZM48TNMweEo1lh5BNnyCgN0LwVEjec8XF59JKuPp8rOguHGDPMYwWePlrw0mg"}
  [1m[36mUser Load (1.2ms)[0m  [1m[34mSELECT  "users".* FROM "users" WHERE "users"."provider" = ? AND "users"."uid" = ? ORDER BY "users"."id" ASC LIMIT ?[0m  [["provider", "google_oauth2"], ["uid", "110126984668945540313"], ["LIMIT", 1]]
  ↳ app/controllers/omniauth_callbacks_controller.rb:6
  [1m[35m (0.1ms)[0m  [1m[36mbegin transaction[0m
  ↳ app/controllers/omniauth_callbacks_controller.rb:6
  [1m[36mUser Exists (0.1ms)[0m  [1m[34mSELECT  1 AS one FROM "users" WHERE "users"."email" = ? LIMIT ?[0m  [["email", "sdg1234569@gmail.com"], ["LIMIT", 1]]
  ↳ app/controllers/omniauth_callbacks_controller.rb:6
  [1m[36mUser Create (1.4ms)[0m  [1m[32mINSERT INTO "users" ("email", "encrypted_password", "username", "provider", "uid", "created_at", "updated_at") VALUES (?, ?, ?, ?, ?, ?, ?)[0m  [["email", "sdg1234569@gmail.com"], ["encrypted_password", "$2a$11$KPePfkYoRqjkB7GWdArIs.GvZLWQuWHjEhlePJTRP2weJhYV/tGk6"], ["username", "Silvio dg"], ["provider", "google_oauth2"], ["uid", "110126984668945540313"], ["created_at", "2018-06-13 13:46:45.697583"], ["updated_at", "2018-06-13 13:46:45.697583"]]
  ↳ app/controllers/omniauth_callbacks_controller.rb:6
  [1m[35m (13.2ms)[0m  [1m[36mcommit transaction[0m
  ↳ app/controllers/omniauth_callbacks_controller.rb:6
  [1m[35m (0.1ms)[0m  [1m[36mbegin transaction[0m
  ↳ app/controllers/omniauth_callbacks_controller.rb:8
  [1m[36mUser Update (0.4ms)[0m  [1m[33mUPDATE "users" SET "sign_in_count" = ?, "current_sign_in_at" = ?, "last_sign_in_at" = ?, "current_sign_in_ip" = ?, "last_sign_in_ip" = ?, "updated_at" = ? WHERE "users"."id" = ?[0m  [["sign_in_count", 1], ["current_sign_in_at", "2018-06-13 13:46:45.714503"], ["last_sign_in_at", "2018-06-13 13:46:45.714503"], ["current_sign_in_ip", "127.0.0.1"], ["last_sign_in_ip", "127.0.0.1"], ["updated_at", "2018-06-13 13:46:45.715321"], ["id", 2]]
  ↳ app/controllers/omniauth_callbacks_controller.rb:8
  [1m[35m (7.4ms)[0m  [1m[36mcommit transaction[0m
  ↳ app/controllers/omniauth_callbacks_controller.rb:8
Redirected to http://localhost:3000/home
Completed 302 Found in 239ms (ActiveRecord: 23.9ms)


Started GET "/home" for 127.0.0.1 at 2018-06-13 15:46:45 +0200
Processing by HomesController#show as HTML
  [1m[36mUser Load (0.3ms)[0m  [1m[34mSELECT  "users".* FROM "users" WHERE "users"."id" = ? ORDER BY "users"."id" ASC LIMIT ?[0m  [["id", 2], ["LIMIT", 1]]
  ↳ /home/biar/.rvm/gems/ruby-2.4.1/gems/activerecord-5.2.0/lib/active_record/log_subscriber.rb:98
  Rendering homes/show.html.haml within layouts/application
  Rendered homes/show.html.haml within layouts/application (23.2ms)
Completed 200 OK in 1228ms (Views: 106.0ms | ActiveRecord: 0.3ms)


Started POST "/home" for 127.0.0.1 at 2018-06-13 15:47:40 +0200
Processing by HomesController#create as HTML
  Parameters: {"utf8"=>"✓", "authenticity_token"=>"nQKgZv2Peot2O3vPlQ4ayJmbdMIg5yioJ8rdeZ3DE9csAPgAJI9ORhMuvf5DoYo4AhlsXrC2LSFIAwhm4mNyvg==", "user"=>{"roles_mask"=>"8"}, "commit"=>"Save Changes"}
  [1m[36mUser Load (0.5ms)[0m  [1m[34mSELECT  "users".* FROM "users" WHERE "users"."id" = ? ORDER BY "users"."id" ASC LIMIT ?[0m  [["id", 2], ["LIMIT", 1]]
  ↳ /home/biar/.rvm/gems/ruby-2.4.1/gems/activerecord-5.2.0/lib/active_record/log_subscriber.rb:98
Redirected to http://localhost:3000/home
Completed 302 Found in 9ms (ActiveRecord: 0.5ms)


Started GET "/home" for 127.0.0.1 at 2018-06-13 15:47:40 +0200
Processing by HomesController#show as HTML
  [1m[36mUser Load (0.2ms)[0m  [1m[34mSELECT  "users".* FROM "users" WHERE "users"."id" = ? ORDER BY "users"."id" ASC LIMIT ?[0m  [["id", 2], ["LIMIT", 1]]
  ↳ /home/biar/.rvm/gems/ruby-2.4.1/gems/activerecord-5.2.0/lib/active_record/log_subscriber.rb:98
  Rendering homes/show.html.haml within layouts/application
  Rendered homes/show.html.haml within layouts/application (9.7ms)
Completed 200 OK in 1256ms (Views: 70.1ms | ActiveRecord: 0.2ms)


Started POST "/home" for 127.0.0.1 at 2018-06-13 15:48:00 +0200
Processing by HomesController#create as HTML
  Parameters: {"utf8"=>"✓", "authenticity_token"=>"OMvuCHKNnUKFyayLeJDPDx1VpQX6uPQ5+BaDQRuHh2mJybZuq42pj+DcarquP1//hte9mWrp8bCX31ZeZCfmAA==", "user"=>{"roles_mask"=>"1"}, "commit"=>"Save Changes"}
  [1m[36mUser Load (0.4ms)[0m  [1m[34mSELECT  "users".* FROM "users" WHERE "users"."id" = ? ORDER BY "users"."id" ASC LIMIT ?[0m  [["id", 2], ["LIMIT", 1]]
  ↳ /home/biar/.rvm/gems/ruby-2.4.1/gems/activerecord-5.2.0/lib/active_record/log_subscriber.rb:98
  [1m[35m (0.2ms)[0m  [1m[36mbegin transaction[0m
  ↳ app/controllers/homes_controller.rb:23
  [1m[36mUser Update (5.3ms)[0m  [1m[33mUPDATE "users" SET "roles_mask" = ?, "updated_at" = ? WHERE "users"."id" = ?[0m  [["roles_mask", 1], ["updated_at", "2018-06-13 13:48:00.494181"], ["id", 2]]
  ↳ app/controllers/homes_controller.rb:23
  [1m[35m (11.9ms)[0m  [1m[36mcommit transaction[0m
  ↳ app/controllers/homes_controller.rb:23
Redirected to http://localhost:3000/home
Completed 302 Found in 30ms (ActiveRecord: 17.8ms)


Started GET "/home" for 127.0.0.1 at 2018-06-13 15:48:00 +0200
Processing by HomesController#show as HTML
  [1m[36mUser Load (0.3ms)[0m  [1m[34mSELECT  "users".* FROM "users" WHERE "users"."id" = ? ORDER BY "users"."id" ASC LIMIT ?[0m  [["id", 2], ["LIMIT", 1]]
  ↳ /home/biar/.rvm/gems/ruby-2.4.1/gems/activerecord-5.2.0/lib/active_record/log_subscriber.rb:98
  Rendering homes/show.html.haml within layouts/application
  Rendered homes/show.html.haml within layouts/application (26.6ms)
Completed 200 OK in 1322ms (Views: 131.6ms | ActiveRecord: 0.3ms)


  [1m[35m (1.0ms)[0m  [1m[34mSELECT "schema_migrations"."version" FROM "schema_migrations" ORDER BY "schema_migrations"."version" ASC[0m
  ↳ /home/biar/.rvm/gems/ruby-2.4.1/bin/rake:23
  [1m[35m (0.2ms)[0m  [1m[34mSELECT "ar_internal_metadata"."value" FROM "ar_internal_metadata" WHERE "ar_internal_metadata"."key" = ?[0m  [["key", "environment"]]
  ↳ /home/biar/.rvm/gems/ruby-2.4.1/bin/rake:23
  [1m[35m (0.0ms)[0m  [1m[34mSELECT "schema_migrations"."version" FROM "schema_migrations" ORDER BY "schema_migrations"."version" ASC[0m
  ↳ /home/biar/.rvm/gems/ruby-2.4.1/bin/rake:23
  [1m[35m (0.1ms)[0m  [1m[34mSELECT "ar_internal_metadata"."value" FROM "ar_internal_metadata" WHERE "ar_internal_metadata"."key" = ?[0m  [["key", "environment"]]
  ↳ /home/biar/.rvm/gems/ruby-2.4.1/bin/rake:23
  [1m[35m (0.1ms)[0m  [1m[34mSELECT "schema_migrations"."version" FROM "schema_migrations" ORDER BY "schema_migrations"."version" ASC[0m
  ↳ /home/biar/.rvm/gems/ruby-2.4.1/bin/rake:23
  [1m[35m (0.0ms)[0m  [1m[34mSELECT "ar_internal_metadata"."value" FROM "ar_internal_metadata" WHERE "ar_internal_metadata"."key" = ?[0m  [["key", "environment"]]
  ↳ /home/biar/.rvm/gems/ruby-2.4.1/bin/rake:23
Started GET "/" for 127.0.0.1 at 2018-06-13 22:20:20 +0200
  [1m[35m (0.2ms)[0m  [1m[34mSELECT "schema_migrations"."version" FROM "schema_migrations" ORDER BY "schema_migrations"."version" ASC[0m
  ↳ /home/biar/.rvm/gems/ruby-2.4.1/gems/activerecord-5.2.0/lib/active_record/log_subscriber.rb:98
Started GET "/home" for 127.0.0.1 at 2018-06-13 22:20:20 +0200
Processing by HomesController#show as HTML
Completed 401 Unauthorized in 20ms (ActiveRecord: 0.0ms)


Started GET "/users/sign_in" for 127.0.0.1 at 2018-06-13 22:20:20 +0200
Processing by Devise::SessionsController#new as HTML
  Rendering devise/sessions/new.html.haml within layouts/application
  Rendered devise/shared/_links.html.erb (5.2ms)
  Rendered devise/sessions/new.html.haml within layouts/application (27.6ms)
Completed 200 OK in 591ms (Views: 523.6ms | ActiveRecord: 0.8ms)


Started GET "/users/auth/google_oauth2" for 127.0.0.1 at 2018-06-13 22:20:23 +0200
Started GET "/users/auth/google_oauth2" for 127.0.0.1 at 2018-06-13 22:20:23 +0200
Started GET "/users/auth/google_oauth2/callback?state=cb9291d6ef5d19de8bc39b11e1584e172640fef9106292bf&code=4/AAAiR7oOYK79hoo21_Nip7LVV6eVPvYKYbeRWzPmGdirb5Dt1Ci9bZgMEA9Z7VoTpNS_GeDnK03yasIdjgwsZ_8" for 127.0.0.1 at 2018-06-13 22:20:24 +0200
Processing by OmniauthCallbacksController#google_oauth2 as HTML
  Parameters: {"state"=>"cb9291d6ef5d19de8bc39b11e1584e172640fef9106292bf", "code"=>"4/AAAiR7oOYK79hoo21_Nip7LVV6eVPvYKYbeRWzPmGdirb5Dt1Ci9bZgMEA9Z7VoTpNS_GeDnK03yasIdjgwsZ_8"}
  [1m[36mUser Load (0.2ms)[0m  [1m[34mSELECT  "users".* FROM "users" WHERE "users"."provider" = ? AND "users"."uid" = ? ORDER BY "users"."id" ASC LIMIT ?[0m  [["provider", "google_oauth2"], ["uid", "115970503731693681401"], ["LIMIT", 1]]
  ↳ app/controllers/omniauth_callbacks_controller.rb:6
  [1m[35m (0.1ms)[0m  [1m[36mbegin transaction[0m
  ↳ app/controllers/omniauth_callbacks_controller.rb:6
  [1m[36mUser Exists (0.3ms)[0m  [1m[34mSELECT  1 AS one FROM "users" WHERE "users"."email" = ? LIMIT ?[0m  [["email", "c.nunzio31.nc@gmail.com"], ["LIMIT", 1]]
  ↳ app/controllers/omniauth_callbacks_controller.rb:6
  [1m[36mUser Create (1.3ms)[0m  [1m[32mINSERT INTO "users" ("email", "encrypted_password", "username", "provider", "uid", "created_at", "updated_at") VALUES (?, ?, ?, ?, ?, ?, ?)[0m  [["email", "c.nunzio31.nc@gmail.com"], ["encrypted_password", "$2a$11$J2qDk/fVjkyqt43gPCXTd..9M0hr6e1ZxnuoV33cBVMQTm/DhaGb6"], ["username", "Nunziato Crisafulli"], ["provider", "google_oauth2"], ["uid", "115970503731693681401"], ["created_at", "2018-06-13 20:20:25.210519"], ["updated_at", "2018-06-13 20:20:25.210519"]]
  ↳ app/controllers/omniauth_callbacks_controller.rb:6
  [1m[35m (17.9ms)[0m  [1m[36mcommit transaction[0m
  ↳ app/controllers/omniauth_callbacks_controller.rb:6
  [1m[35m (0.1ms)[0m  [1m[36mbegin transaction[0m
  ↳ app/controllers/omniauth_callbacks_controller.rb:8
  [1m[36mUser Update (1.8ms)[0m  [1m[33mUPDATE "users" SET "sign_in_count" = ?, "current_sign_in_at" = ?, "last_sign_in_at" = ?, "current_sign_in_ip" = ?, "last_sign_in_ip" = ?, "updated_at" = ? WHERE "users"."id" = ?[0m  [["sign_in_count", 1], ["current_sign_in_at", "2018-06-13 20:20:25.234090"], ["last_sign_in_at", "2018-06-13 20:20:25.234090"], ["current_sign_in_ip", "127.0.0.1"], ["last_sign_in_ip", "127.0.0.1"], ["updated_at", "2018-06-13 20:20:25.235353"], ["id", 1]]
  ↳ app/controllers/omniauth_callbacks_controller.rb:8
  [1m[35m (4.0ms)[0m  [1m[36mcommit transaction[0m
  ↳ app/controllers/omniauth_callbacks_controller.rb:8
Redirected to http://localhost:3000/home
Completed 302 Found in 304ms (ActiveRecord: 25.8ms)


Started GET "/home" for 127.0.0.1 at 2018-06-13 22:20:25 +0200
Processing by HomesController#show as HTML
  [1m[36mUser Load (0.3ms)[0m  [1m[34mSELECT  "users".* FROM "users" WHERE "users"."id" = ? ORDER BY "users"."id" ASC LIMIT ?[0m  [["id", 1], ["LIMIT", 1]]
  ↳ /home/biar/.rvm/gems/ruby-2.4.1/gems/activerecord-5.2.0/lib/active_record/log_subscriber.rb:98
  Rendering homes/show.html.haml within layouts/application
  Rendered homes/show.html.haml within layouts/application (9.5ms)
Completed 200 OK in 1327ms (Views: 54.6ms | ActiveRecord: 0.3ms)


Started POST "/home" for 127.0.0.1 at 2018-06-13 22:20:28 +0200
Processing by HomesController#create as HTML
  Parameters: {"utf8"=>"✓", "authenticity_token"=>"emkwdLb9swkiSuwR9cFD6OfpBJ53wIZnIF4bLfGwtn6sliCmTmoblxBvEBoyMibgb721eDnACmha2QySGsWoRQ==", "user"=>{"roles_mask"=>"1"}, "commit"=>"Save Changes"}
  [1m[36mUser Load (0.4ms)[0m  [1m[34mSELECT  "users".* FROM "users" WHERE "users"."id" = ? ORDER BY "users"."id" ASC LIMIT ?[0m  [["id", 1], ["LIMIT", 1]]
  ↳ /home/biar/.rvm/gems/ruby-2.4.1/gems/activerecord-5.2.0/lib/active_record/log_subscriber.rb:98
  [1m[35m (0.1ms)[0m  [1m[36mbegin transaction[0m
  ↳ app/controllers/homes_controller.rb:23
  [1m[36mUser Update (1.4ms)[0m  [1m[33mUPDATE "users" SET "roles_mask" = ?, "updated_at" = ? WHERE "users"."id" = ?[0m  [["roles_mask", 1], ["updated_at", "2018-06-13 20:20:28.242786"], ["id", 1]]
  ↳ app/controllers/homes_controller.rb:23
  [1m[35m (19.5ms)[0m  [1m[36mcommit transaction[0m
  ↳ app/controllers/homes_controller.rb:23
Redirected to http://localhost:3000/home
Completed 302 Found in 35ms (ActiveRecord: 21.4ms)


Started GET "/home" for 127.0.0.1 at 2018-06-13 22:20:28 +0200
Processing by HomesController#show as HTML
  [1m[36mUser Load (0.4ms)[0m  [1m[34mSELECT  "users".* FROM "users" WHERE "users"."id" = ? ORDER BY "users"."id" ASC LIMIT ?[0m  [["id", 1], ["LIMIT", 1]]
  ↳ /home/biar/.rvm/gems/ruby-2.4.1/gems/activerecord-5.2.0/lib/active_record/log_subscriber.rb:98
  Rendering homes/show.html.haml within layouts/application
  Rendered homes/show.html.haml within layouts/application (7.8ms)
Completed 200 OK in 770ms (Views: 52.4ms | ActiveRecord: 0.4ms)


Started GET "/sessions/new?utf8=%E2%9C%93&commit=Create+a+new+sessions" for 127.0.0.1 at 2018-06-13 22:20:31 +0200
Processing by SessionsController#new as HTML
  Parameters: {"utf8"=>"✓", "commit"=>"Create a new sessions"}
  [1m[36mUser Load (0.4ms)[0m  [1m[34mSELECT  "users".* FROM "users" WHERE "users"."id" = ? ORDER BY "users"."id" ASC LIMIT ?[0m  [["id", 1], ["LIMIT", 1]]
  ↳ /home/biar/.rvm/gems/ruby-2.4.1/gems/activerecord-5.2.0/lib/active_record/log_subscriber.rb:98
  Rendering sessions/new.html.haml within layouts/application
  Rendered sessions/new.html.haml within layouts/application (123.9ms)
Completed 200 OK in 173ms (Views: 167.7ms | ActiveRecord: 0.4ms)


Started POST "/sessions" for 127.0.0.1 at 2018-06-13 22:20:36 +0200
Processing by SessionsController#create as HTML
  Parameters: {"utf8"=>"✓", "authenticity_token"=>"JbhmLp979lJSiYMSNvn5w+HrvPQf7fhzWgT4ecLjHTDzR3b8Z+xezGCsfxnxCpzLab8NElHtdHwgg+/GKZYDCw==", "session"=>{"title"=>"", "date(1i)"=>"2018", "date(2i)"=>"6", "date(3i)"=>"13", "location"=>"", "description"=>"", "session_type"=>"Paper", "version"=>""}, "commit"=>"Create session"}
  [1m[36mUser Load (0.4ms)[0m  [1m[34mSELECT  "users".* FROM "users" WHERE "users"."id" = ? ORDER BY "users"."id" ASC LIMIT ?[0m  [["id", 1], ["LIMIT", 1]]
  ↳ /home/biar/.rvm/gems/ruby-2.4.1/gems/activerecord-5.2.0/lib/active_record/log_subscriber.rb:98
  [1m[35m (0.2ms)[0m  [1m[36mbegin transaction[0m
  ↳ app/controllers/sessions_controller.rb:91
  [1m[35m (0.1ms)[0m  [1m[31mrollback transaction[0m
  ↳ app/controllers/sessions_controller.rb:91
Completed 422 Unprocessable Entity in 29ms (ActiveRecord: 1.8ms)


  
ActiveRecord::RecordInvalid (Validation failed: Master can't be blank, Title can't be blank, Version can't be blank, Description can't be blank):
  
app/controllers/sessions_controller.rb:91:in `create'
Started POST "/sessions" for 127.0.0.1 at 2018-06-13 22:21:02 +0200
Processing by SessionsController#create as HTML
  Parameters: {"utf8"=>"✓", "authenticity_token"=>"JbhmLp979lJSiYMSNvn5w+HrvPQf7fhzWgT4ecLjHTDzR3b8Z+xezGCsfxnxCpzLab8NElHtdHwgg+/GKZYDCw==", "session"=>{"title"=>"Session1", "date(1i)"=>"2018", "date(2i)"=>"6", "date(3i)"=>"13", "location"=>"FOndi", "description"=>"dfgdfhsd", "session_type"=>"Paper", "version"=>"1.0"}, "commit"=>"Create session"}
  [1m[36mUser Load (0.4ms)[0m  [1m[34mSELECT  "users".* FROM "users" WHERE "users"."id" = ? ORDER BY "users"."id" ASC LIMIT ?[0m  [["id", 1], ["LIMIT", 1]]
  ↳ /home/biar/.rvm/gems/ruby-2.4.1/gems/activerecord-5.2.0/lib/active_record/log_subscriber.rb:98
  [1m[35m (0.1ms)[0m  [1m[36mbegin transaction[0m
  ↳ app/controllers/sessions_controller.rb:91
  [1m[35m (0.1ms)[0m  [1m[31mrollback transaction[0m
  ↳ app/controllers/sessions_controller.rb:91
Completed 422 Unprocessable Entity in 8ms (ActiveRecord: 0.6ms)


  
ActiveRecord::RecordInvalid (Validation failed: Master can't be blank):
  
app/controllers/sessions_controller.rb:91:in `create'
Started POST "/sessions" for 127.0.0.1 at 2018-06-13 22:21:56 +0200
Processing by SessionsController#create as HTML
  Parameters: {"utf8"=>"✓", "authenticity_token"=>"JbhmLp979lJSiYMSNvn5w+HrvPQf7fhzWgT4ecLjHTDzR3b8Z+xezGCsfxnxCpzLab8NElHtdHwgg+/GKZYDCw==", "session"=>{"title"=>"Session1", "date(1i)"=>"2018", "date(2i)"=>"6", "date(3i)"=>"13", "location"=>"FOndi", "description"=>"dfgdfhsd", "session_type"=>"Paper", "version"=>"1.0"}, "commit"=>"Create session"}
  [1m[36mUser Load (0.3ms)[0m  [1m[34mSELECT  "users".* FROM "users" WHERE "users"."id" = ? ORDER BY "users"."id" ASC LIMIT ?[0m  [["id", 1], ["LIMIT", 1]]
  ↳ /home/biar/.rvm/gems/ruby-2.4.1/gems/activerecord-5.2.0/lib/active_record/log_subscriber.rb:98
  [1m[35m (0.1ms)[0m  [1m[36mbegin transaction[0m
  ↳ app/controllers/sessions_controller.rb:91
  [1m[36mSession Create (0.6ms)[0m  [1m[32mINSERT INTO "sessions" ("session_type", "title", "description", "date", "version", "location", "created_at", "updated_at") VALUES (?, ?, ?, ?, ?, ?, ?, ?)[0m  [["session_type", "Paper"], ["title", "Session1"], ["description", "dfgdfhsd"], ["date", "2018-06-13 00:00:00"], ["version", "1.0"], ["location", "FOndi"], ["created_at", "2018-06-13 20:22:06.823622"], ["updated_at", "2018-06-13 20:22:06.823622"]]
  ↳ app/controllers/sessions_controller.rb:91
  [1m[35m (14.8ms)[0m  [1m[36mcommit transaction[0m
  ↳ app/controllers/sessions_controller.rb:91
  [1m[35m (0.1ms)[0m  [1m[36mbegin transaction[0m
  ↳ app/controllers/sessions_controller.rb:92
  [1m[36mSession Update (0.4ms)[0m  [1m[33mUPDATE "sessions" SET "master_id" = ?, "status" = ?, "updated_at" = ? WHERE "sessions"."id" = ?[0m  [["master_id", 1], ["status", 1], ["updated_at", "2018-06-13 20:22:06.844554"], ["id", 1]]
  ↳ app/controllers/sessions_controller.rb:92
  [1m[35m (9.1ms)[0m  [1m[36mcommit transaction[0m
  ↳ app/controllers/sessions_controller.rb:92
Redirected to http://localhost:3000/sessions/1
Completed 302 Found in 109ms (ActiveRecord: 28.2ms)


Started GET "/sessions/1" for 127.0.0.1 at 2018-06-13 22:22:06 +0200
Processing by SessionsController#show as HTML
  Parameters: {"id"=>"1"}
  [1m[36mUser Load (0.4ms)[0m  [1m[34mSELECT  "users".* FROM "users" WHERE "users"."id" = ? ORDER BY "users"."id" ASC LIMIT ?[0m  [["id", 1], ["LIMIT", 1]]
  ↳ /home/biar/.rvm/gems/ruby-2.4.1/gems/activerecord-5.2.0/lib/active_record/log_subscriber.rb:98
  [1m[36mSession Load (0.3ms)[0m  [1m[34mSELECT  "sessions".* FROM "sessions" WHERE "sessions"."id" = ? LIMIT ?[0m  [["id", 1], ["LIMIT", 1]]
  ↳ app/controllers/sessions_controller.rb:100
  [1m[36mPartecipation Load (0.2ms)[0m  [1m[34mSELECT "partecipations".* FROM "partecipations" WHERE "partecipations"."session_id" = ?[0m  [["session_id", 1]]
  ↳ app/controllers/sessions_controller.rb:102
  [1m[36mUser Load (0.3ms)[0m  [1m[34mSELECT  "users".* FROM "users" WHERE "users"."id" = ? LIMIT ?[0m  [["id", 1], ["LIMIT", 1]]
  ↳ app/controllers/sessions_controller.rb:111
  [1m[36mCACHE Partecipation Load (0.0ms)[0m  [1m[34mSELECT "partecipations".* FROM "partecipations" WHERE "partecipations"."session_id" = ?[0m  [["session_id", 1]]
  ↳ app/controllers/sessions_controller.rb:116
  [1m[35m (0.3ms)[0m  [1m[34mSELECT COUNT(*) FROM "partecipations" WHERE "partecipations"."session_id" = ? AND "partecipations"."player_id" = ?[0m  [["session_id", 1], ["player_id", 1]]
  ↳ app/controllers/sessions_controller.rb:117
  [1m[35m (0.6ms)[0m  [1m[34mSELECT COUNT(*) FROM "matches" WHERE "matches"."session_id" = ?[0m  [["session_id", 1]]
  ↳ app/controllers/sessions_controller.rb:126
  Rendering sessions/show.html.haml within layouts/application
  Rendered sessions/show.html.haml within layouts/application (19.4ms)
Completed 200 OK in 1765ms (Views: 96.0ms | ActiveRecord: 3.0ms)


  [1m[35m (0.3ms)[0m  [1m[34mSELECT "schema_migrations"."version" FROM "schema_migrations" ORDER BY "schema_migrations"."version" ASC[0m
  ↳ /home/biar/.rvm/gems/ruby-2.4.1/bin/rake:23
  [1m[35m (0.2ms)[0m  [1m[34mSELECT "ar_internal_metadata"."value" FROM "ar_internal_metadata" WHERE "ar_internal_metadata"."key" = ?[0m  [["key", "environment"]]
  ↳ /home/biar/.rvm/gems/ruby-2.4.1/bin/rake:23
  [1m[35m (0.2ms)[0m  [1m[34mSELECT "schema_migrations"."version" FROM "schema_migrations" ORDER BY "schema_migrations"."version" ASC[0m
  ↳ /home/biar/.rvm/gems/ruby-2.4.1/bin/rake:23
  [1m[35m (0.2ms)[0m  [1m[34mSELECT "ar_internal_metadata"."value" FROM "ar_internal_metadata" WHERE "ar_internal_metadata"."key" = ?[0m  [["key", "environment"]]
  ↳ /home/biar/.rvm/gems/ruby-2.4.1/bin/rake:23
  [1m[35m (0.1ms)[0m  [1m[34mSELECT "schema_migrations"."version" FROM "schema_migrations" ORDER BY "schema_migrations"."version" ASC[0m
  ↳ /home/biar/.rvm/gems/ruby-2.4.1/bin/rake:23
  [1m[35m (0.1ms)[0m  [1m[34mSELECT "ar_internal_metadata"."value" FROM "ar_internal_metadata" WHERE "ar_internal_metadata"."key" = ?[0m  [["key", "environment"]]
  ↳ /home/biar/.rvm/gems/ruby-2.4.1/bin/rake:23
  [1m[35m (0.1ms)[0m  [1m[34mSELECT sqlite_version(*)[0m
  ↳ /home/biar/.rvm/gems/ruby-2.4.1/bin/rake:23
  [1m[35m (17.6ms)[0m  [1m[35mCREATE TABLE "schema_migrations" ("version" varchar NOT NULL PRIMARY KEY)[0m
  ↳ /home/biar/.rvm/gems/ruby-2.4.1/bin/rake:23
  [1m[35m (8.0ms)[0m  [1m[35mCREATE TABLE "ar_internal_metadata" ("key" varchar NOT NULL PRIMARY KEY, "value" varchar, "created_at" datetime NOT NULL, "updated_at" datetime NOT NULL)[0m
  ↳ /home/biar/.rvm/gems/ruby-2.4.1/bin/rake:23
  [1m[35m (0.2ms)[0m  [1m[34mSELECT "schema_migrations"."version" FROM "schema_migrations" ORDER BY "schema_migrations"."version" ASC[0m
  ↳ /home/biar/.rvm/gems/ruby-2.4.1/bin/rake:23
Migrating to CreateSessions (20180526090701)
  [1m[35m (0.2ms)[0m  [1m[36mbegin transaction[0m
  ↳ /home/biar/.rvm/gems/ruby-2.4.1/bin/rake:23
  [1m[35m (0.8ms)[0m  [1m[35mCREATE TABLE "sessions" ("id" integer PRIMARY KEY AUTOINCREMENT NOT NULL, "master_id" integer, "status" integer, "session_type" varchar, "private_flag" boolean DEFAULT 0, "title" varchar, "description" varchar, "date" datetime, "version" varchar, "reported_counter" integer DEFAULT 0, "location" varchar, "created_at" datetime NOT NULL, "updated_at" datetime NOT NULL)[0m
  ↳ db/migrate/20180526090701_create_sessions.rb:3
  [1m[36mActiveRecord::SchemaMigration Create (0.3ms)[0m  [1m[32mINSERT INTO "schema_migrations" ("version") VALUES (?)[0m  [["version", "20180526090701"]]
  ↳ /home/biar/.rvm/gems/ruby-2.4.1/bin/rake:23
  [1m[35m (8.9ms)[0m  [1m[36mcommit transaction[0m
  ↳ /home/biar/.rvm/gems/ruby-2.4.1/bin/rake:23
Migrating to CreatePartecipations (20180526092804)
  [1m[35m (0.2ms)[0m  [1m[36mbegin transaction[0m
  ↳ /home/biar/.rvm/gems/ruby-2.4.1/bin/rake:23
  [1m[35m (0.5ms)[0m  [1m[35mCREATE TABLE "partecipations" ("id" integer PRIMARY KEY AUTOINCREMENT NOT NULL, "session_id" integer, "player_id" integer, "created_at" datetime NOT NULL, "updated_at" datetime NOT NULL)[0m
  ↳ db/migrate/20180526092804_create_partecipations.rb:3
  [1m[36mActiveRecord::SchemaMigration Create (0.3ms)[0m  [1m[32mINSERT INTO "schema_migrations" ("version") VALUES (?)[0m  [["version", "20180526092804"]]
  ↳ /home/biar/.rvm/gems/ruby-2.4.1/bin/rake:23
  [1m[35m (6.6ms)[0m  [1m[36mcommit transaction[0m
  ↳ /home/biar/.rvm/gems/ruby-2.4.1/bin/rake:23
Migrating to CreateInvitations (20180526093225)
  [1m[35m (0.1ms)[0m  [1m[36mbegin transaction[0m
  ↳ /home/biar/.rvm/gems/ruby-2.4.1/bin/rake:23
  [1m[35m (1.3ms)[0m  [1m[35mCREATE TABLE "invitations" ("id" integer PRIMARY KEY AUTOINCREMENT NOT NULL, "session_id" integer, "player_id" integer, "created_at" datetime NOT NULL, "updated_at" datetime NOT NULL)[0m
  ↳ db/migrate/20180526093225_create_invitations.rb:3
  [1m[36mActiveRecord::SchemaMigration Create (0.2ms)[0m  [1m[32mINSERT INTO "schema_migrations" ("version") VALUES (?)[0m  [["version", "20180526093225"]]
  ↳ /home/biar/.rvm/gems/ruby-2.4.1/bin/rake:23
  [1m[35m (6.6ms)[0m  [1m[36mcommit transaction[0m
  ↳ /home/biar/.rvm/gems/ruby-2.4.1/bin/rake:23
Migrating to CreateRequests (20180526093844)
  [1m[35m (0.1ms)[0m  [1m[36mbegin transaction[0m
  ↳ /home/biar/.rvm/gems/ruby-2.4.1/bin/rake:23
  [1m[35m (0.6ms)[0m  [1m[35mCREATE TABLE "requests" ("id" integer PRIMARY KEY AUTOINCREMENT NOT NULL, "session_id" integer, "player_id" integer, "created_at" datetime NOT NULL, "updated_at" datetime NOT NULL)[0m
  ↳ db/migrate/20180526093844_create_requests.rb:3
  [1m[36mActiveRecord::SchemaMigration Create (0.3ms)[0m  [1m[32mINSERT INTO "schema_migrations" ("version") VALUES (?)[0m  [["version", "20180526093844"]]
  ↳ /home/biar/.rvm/gems/ruby-2.4.1/bin/rake:23
  [1m[35m (6.5ms)[0m  [1m[36mcommit transaction[0m
  ↳ /home/biar/.rvm/gems/ruby-2.4.1/bin/rake:23
Migrating to CreateMatches (20180526094157)
  [1m[35m (0.1ms)[0m  [1m[36mbegin transaction[0m
  ↳ /home/biar/.rvm/gems/ruby-2.4.1/bin/rake:23
  [1m[35m (0.7ms)[0m  [1m[35mCREATE TABLE "matches" ("id" integer PRIMARY KEY AUTOINCREMENT NOT NULL, "session_id" integer, "status" boolean DEFAULT 1, "title" varchar, "data" datetime, "summary" varchar, "like" integer DEFAULT 0, "created_at" datetime NOT NULL, "updated_at" datetime NOT NULL)[0m
  ↳ db/migrate/20180526094157_create_matches.rb:3
  [1m[36mActiveRecord::SchemaMigration Create (0.4ms)[0m  [1m[32mINSERT INTO "schema_migrations" ("version") VALUES (?)[0m  [["version", "20180526094157"]]
  ↳ /home/biar/.rvm/gems/ruby-2.4.1/bin/rake:23
  [1m[35m (13.1ms)[0m  [1m[36mcommit transaction[0m
  ↳ /home/biar/.rvm/gems/ruby-2.4.1/bin/rake:23
Migrating to DeviseCreateUsers (20180526132859)
  [1m[35m (0.1ms)[0m  [1m[36mbegin transaction[0m
  ↳ /home/biar/.rvm/gems/ruby-2.4.1/bin/rake:23
  [1m[35m (0.8ms)[0m  [1m[35mCREATE TABLE "users" ("id" integer PRIMARY KEY AUTOINCREMENT NOT NULL, "email" varchar DEFAULT '' NOT NULL, "encrypted_password" varchar DEFAULT '' NOT NULL, "reset_password_token" varchar, "reset_password_sent_at" datetime, "remember_created_at" datetime, "sign_in_count" integer DEFAULT 0 NOT NULL, "current_sign_in_at" datetime, "last_sign_in_at" datetime, "current_sign_in_ip" varchar, "last_sign_in_ip" varchar, "username" varchar, "invitation_flag" boolean DEFAULT 1, "roles_mask" integer DEFAULT 4, "provider" varchar, "uid" varchar, "calendar_flag" boolean DEFAULT 0, "current_session_id" integer DEFAULT -1, "current_match_id" integer DEFAULT -1, "created_at" datetime NOT NULL, "updated_at" datetime NOT NULL)[0m
  ↳ db/migrate/20180526132859_devise_create_users.rb:5
  [1m[35m (0.3ms)[0m  [1m[35mCREATE UNIQUE INDEX "index_users_on_email" ON "users" ("email")[0m
  ↳ db/migrate/20180526132859_devise_create_users.rb:52
  [1m[35m (0.3ms)[0m  [1m[35mCREATE UNIQUE INDEX "index_users_on_reset_password_token" ON "users" ("reset_password_token")[0m
  ↳ db/migrate/20180526132859_devise_create_users.rb:53
  [1m[35m (0.4ms)[0m  [1m[35mCREATE UNIQUE INDEX "index_users_on_uid_and_provider" ON "users" ("uid", "provider")[0m
  ↳ db/migrate/20180526132859_devise_create_users.rb:58
  [1m[36mActiveRecord::SchemaMigration Create (1.9ms)[0m  [1m[32mINSERT INTO "schema_migrations" ("version") VALUES (?)[0m  [["version", "20180526132859"]]
  ↳ /home/biar/.rvm/gems/ruby-2.4.1/bin/rake:23
  [1m[35m (4.2ms)[0m  [1m[36mcommit transaction[0m
  ↳ /home/biar/.rvm/gems/ruby-2.4.1/bin/rake:23
Migrating to CreatePartecipationsmatches (20180602175951)
  [1m[35m (0.1ms)[0m  [1m[36mbegin transaction[0m
  ↳ /home/biar/.rvm/gems/ruby-2.4.1/bin/rake:23
  [1m[35m (0.7ms)[0m  [1m[35mCREATE TABLE "partecipationsmatches" ("id" integer PRIMARY KEY AUTOINCREMENT NOT NULL, "session_id" integer, "match_id" integer, "player_id" integer, "created_at" datetime NOT NULL, "updated_at" datetime NOT NULL)[0m
  ↳ db/migrate/20180602175951_create_partecipationsmatches.rb:3
  [1m[36mActiveRecord::SchemaMigration Create (0.2ms)[0m  [1m[32mINSERT INTO "schema_migrations" ("version") VALUES (?)[0m  [["version", "20180602175951"]]
  ↳ /home/biar/.rvm/gems/ruby-2.4.1/bin/rake:23
  [1m[35m (8.0ms)[0m  [1m[36mcommit transaction[0m
  ↳ /home/biar/.rvm/gems/ruby-2.4.1/bin/rake:23
  [1m[36mActiveRecord::InternalMetadata Load (0.4ms)[0m  [1m[34mSELECT  "ar_internal_metadata".* FROM "ar_internal_metadata" WHERE "ar_internal_metadata"."key" = ? LIMIT ?[0m  [["key", "environment"], ["LIMIT", 1]]
  ↳ /home/biar/.rvm/gems/ruby-2.4.1/bin/rake:23
  [1m[35m (0.1ms)[0m  [1m[36mbegin transaction[0m
  ↳ /home/biar/.rvm/gems/ruby-2.4.1/bin/rake:23
  [1m[36mActiveRecord::InternalMetadata Create (0.2ms)[0m  [1m[32mINSERT INTO "ar_internal_metadata" ("key", "value", "created_at", "updated_at") VALUES (?, ?, ?, ?)[0m  [["key", "environment"], ["value", "development"], ["created_at", "2018-06-13 21:32:58.156317"], ["updated_at", "2018-06-13 21:32:58.156317"]]
  ↳ /home/biar/.rvm/gems/ruby-2.4.1/bin/rake:23
  [1m[35m (7.4ms)[0m  [1m[36mcommit transaction[0m
  ↳ /home/biar/.rvm/gems/ruby-2.4.1/bin/rake:23
  [1m[35m (0.2ms)[0m  [1m[34mSELECT "schema_migrations"."version" FROM "schema_migrations" ORDER BY "schema_migrations"."version" ASC[0m
  ↳ /home/biar/.rvm/gems/ruby-2.4.1/bin/rake:23
